2025-11-13T10:07:29.000000000Z [inf]  Starting Container
2025-11-13T10:07:30.389837090Z [err]  Traceback (most recent call last):
2025-11-13T10:07:30.389842918Z [err]    File "/app/server.py", line 179, in <module>
2025-11-13T10:07:30.389847977Z [err]      sys.exit(main() or 0)
2025-11-13T10:07:30.389853166Z [err]               ~~~~^^
2025-11-13T10:07:30.389858581Z [err]    File "/app/server.py", line 171, in main
2025-11-13T10:07:30.389863667Z [err]      server = websockets.serve(router, "0.0.0.0", port, max_size=MAX_WS_MESSAGE_SIZE)
2025-11-13T10:07:30.389870305Z [err]                                                                  ^^^^^^^^^^^^^^^^^^^
2025-11-13T10:07:30.389877289Z [err]  NameError: name 'MAX_WS_MESSAGE_SIZE' is not defined
2025-11-13T10:07:31.390738068Z [err]    File "/app/server.py", line 179, in <module>
2025-11-13T10:07:31.390750010Z [err]      sys.exit(main() or 0)
2025-11-13T10:07:31.390757447Z [err]               ~~~~^^
2025-11-13T10:07:31.390763550Z [err]    File "/app/server.py", line 171, in main
2025-11-13T10:07:31.390770611Z [err]      server = websockets.serve(router, "0.0.0.0", port, max_size=MAX_WS_MESSAGE_SIZE)
2025-11-13T10:07:31.390781522Z [err]                                                                  ^^^^^^^^^^^^^^^^^^^
2025-11-13T10:07:31.390788732Z [err]  NameError: name 'MAX_WS_MESSAGE_SIZE' is not defined
2025-11-13T10:07:31.390913666Z [err]  Traceback (most recent call last):
2025-11-13T10:07:32.441231494Z [err]  Traceback (most recent call last):
2025-11-13T10:07:32.441236485Z [err]    File "/app/server.py", line 179, in <module>
2025-11-13T10:07:32.441240330Z [err]      sys.exit(main() or 0)
2025-11-13T10:07:32.441244228Z [err]               ~~~~^^
2025-11-13T10:07:32.441248291Z [err]    File "/app/server.py", line 171, in main
2025-11-13T10:07:32.441252646Z [err]      server = websockets.serve(router, "0.0.0.0", port, max_size=MAX_WS_MESSAGE_SIZE)
2025-11-13T10:07:32.441256606Z [err]                                                                  ^^^^^^^^^^^^^^^^^^^
2025-11-13T10:07:32.441261292Z [err]  NameError: name 'MAX_WS_MESSAGE_SIZE' is not defined
2025-11-13T10:07:33.514451329Z [err]  Traceback (most recent call last):
2025-11-13T10:07:33.514457742Z [err]    File "/app/server.py", line 179, in <module>
2025-11-13T10:07:33.514462862Z [err]      sys.exit(main() or 0)
2025-11-13T10:07:33.514467398Z [err]               ~~~~^^
2025-11-13T10:07:33.514471862Z [err]    File "/app/server.py", line 171, in main
2025-11-13T10:07:33.514476934Z [err]      server = websockets.serve(router, "0.0.0.0", port, max_size=MAX_WS_MESSAGE_SIZE)
2025-11-13T10:07:33.514481951Z [err]                                                                  ^^^^^^^^^^^^^^^^^^^
2025-11-13T10:07:33.514487086Z [err]  NameError: name 'MAX_WS_MESSAGE_SIZE' is not defined
2025-11-13T10:07:34.662348638Z [err]  Traceback (most recent call last):
2025-11-13T10:07:34.662362159Z [err]    File "/app/server.py", line 179, in <module>
2025-11-13T10:07:34.662371837Z [err]      sys.exit(main() or 0)
2025-11-13T10:07:34.662380824Z [err]               ~~~~^^
2025-11-13T10:07:34.662569821Z [err]    File "/app/server.py", line 171, in main
2025-11-13T10:07:34.662576193Z [err]      server = websockets.serve(router, "0.0.0.0", port, max_size=MAX_WS_MESSAGE_SIZE)
2025-11-13T10:07:34.662581770Z [err]                                                                  ^^^^^^^^^^^^^^^^^^^
2025-11-13T10:07:34.662587575Z [err]  NameError: name 'MAX_WS_MESSAGE_SIZE' is not defined
2025-11-13T10:07:35.000000000Z [inf]  Stopping Container
2025-11-13T10:07:35.813101743Z [err]  Traceback (most recent call last):
2025-11-13T10:07:35.813108692Z [err]    File "/app/server.py", line 179, in <module>
2025-11-13T10:07:35.813113106Z [err]      sys.exit(main() or 0)
2025-11-13T10:07:35.813117146Z [err]               ~~~~^^
2025-11-13T10:07:35.813122317Z [err]    File "/app/server.py", line 171, in main
2025-11-13T10:07:35.813126087Z [err]      server = websockets.serve(router, "0.0.0.0", port, max_size=MAX_WS_MESSAGE_SIZE)
2025-11-13T10:07:35.813130215Z [err]                                                                  ^^^^^^^^^^^^^^^^^^^
2025-11-13T10:07:35.813135894Z [err]  NameError: name 'MAX_WS_MESSAGE_SIZE' is not defined
2025-11-13T10:07:36.999683924Z [err]  Traceback (most recent call last):
2025-11-13T10:07:36.999692244Z [err]    File "/app/server.py", line 179, in <module>
2025-11-13T10:07:36.999696757Z [err]      sys.exit(main() or 0)
2025-11-13T10:07:36.999700757Z [err]               ~~~~^^
2025-11-13T10:07:36.999705015Z [err]    File "/app/server.py", line 171, in main
2025-11-13T10:07:36.999709836Z [err]      server = websockets.serve(router, "0.0.0.0", port, max_size=MAX_WS_MESSAGE_SIZE)
2025-11-13T10:07:36.999714177Z [err]                                                                  ^^^^^^^^^^^^^^^^^^^
2025-11-13T10:07:36.999718100Z [err]  NameError: name 'MAX_WS_MESSAGE_SIZE' is not defined
2025-11-13T10:07:38.128276050Z [err]  Traceback (most recent call last):
2025-11-13T10:07:38.128282676Z [err]    File "/app/server.py", line 179, in <module>
2025-11-13T10:07:38.128286737Z [err]      sys.exit(main() or 0)
2025-11-13T10:07:38.128291532Z [err]               ~~~~^^
2025-11-13T10:07:38.128295104Z [err]    File "/app/server.py", line 171, in main
2025-11-13T10:07:38.128298922Z [err]      server = websockets.serve(router, "0.0.0.0", port, max_size=MAX_WS_MESSAGE_SIZE)
2025-11-13T10:07:38.128304032Z [err]                                                                  ^^^^^^^^^^^^^^^^^^^
2025-11-13T10:07:38.128308271Z [err]  NameError: name 'MAX_WS_MESSAGE_SIZE' is not defined
2025-11-13T10:07:39.409601289Z [err]  Traceback (most recent call last):
2025-11-13T10:07:39.409605518Z [err]    File "/app/server.py", line 179, in <module>
2025-11-13T10:07:39.409609580Z [err]      sys.exit(main() or 0)
2025-11-13T10:07:39.409613399Z [err]               ~~~~^^
2025-11-13T10:07:39.409618007Z [err]    File "/app/server.py", line 171, in main
2025-11-13T10:07:39.409621870Z [err]      server = websockets.serve(router, "0.0.0.0", port, max_size=MAX_WS_MESSAGE_SIZE)
2025-11-13T10:07:39.409625502Z [err]                                                                  ^^^^^^^^^^^^^^^^^^^
2025-11-13T10:07:39.409629208Z [err]  NameError: name 'MAX_WS_MESSAGE_SIZE' is not defined
2025-11-13T10:07:40.674365018Z [err]  Traceback (most recent call last):
2025-11-13T10:07:40.674385966Z [err]    File "/app/server.py", line 179, in <module>
2025-11-13T10:07:40.674413066Z [err]      sys.exit(main() or 0)
2025-11-13T10:07:40.674422027Z [err]               ~~~~^^
2025-11-13T10:07:40.674431096Z [err]    File "/app/server.py", line 171, in main
2025-11-13T10:07:40.674439538Z [err]      server = websockets.serve(router, "0.0.0.0", port, max_size=MAX_WS_MESSAGE_SIZE)
2025-11-13T10:07:40.674448170Z [err]                                                                  ^^^^^^^^^^^^^^^^^^^
2025-11-13T10:07:40.674455299Z [err]  NameError: name 'MAX_WS_MESSAGE_SIZE' is not defined
2025-11-13T10:07:41.746833226Z [err]  Traceback (most recent call last):
2025-11-13T10:07:41.746840262Z [err]    File "/app/server.py", line 179, in <module>
2025-11-13T10:07:41.746845881Z [err]      sys.exit(main() or 0)
2025-11-13T10:07:41.746850776Z [err]               ~~~~^^
2025-11-13T10:07:41.746854661Z [err]    File "/app/server.py", line 171, in main
2025-11-13T10:07:41.746859301Z [err]      server = websockets.serve(router, "0.0.0.0", port, max_size=MAX_WS_MESSAGE_SIZE)
2025-11-13T10:07:41.746864808Z [err]                                                                  ^^^^^^^^^^^^^^^^^^^
2025-11-13T10:07:41.746870578Z [err]  NameError: name 'MAX_WS_MESSAGE_SIZE' is not defined
2025-11-13T10:11:36.000000000Z [inf]  Starting Container
2025-11-13T10:11:37.046677949Z [inf]  Server starting on ws://0.0.0.0:8080
2025-11-13T10:11:41.000000000Z [inf]  Stopping Container